\BOOKMARK [1][-]{section.1}{Contexte biologique}{}% 1
\BOOKMARK [1][-]{section.2}{Analyse des besoins}{}% 2
\BOOKMARK [2][-]{subsection.2.1}{Caract\351ristiques de la plateforme \340 mettre en place}{section.2}% 3
\BOOKMARK [2][-]{subsection.2.2}{Outils utilis\351s pour r\351pondre aux besoins}{section.2}% 4
\BOOKMARK [2][-]{subsection.2.3}{Ordre de priorit\351}{section.2}% 5
\BOOKMARK [1][-]{section.3}{Analyse de l'existant}{}% 6
\BOOKMARK [2][-]{subsection.3.1}{If the moon were only one pixel}{section.3}% 7
\BOOKMARK [2][-]{subsection.3.2}{TimeTree}{section.3}% 8
\BOOKMARK [2][-]{subsection.3.3}{Onezoom}{section.3}% 9
\BOOKMARK [2][-]{subsection.3.4}{Lifemap}{section.3}% 10
\BOOKMARK [2][-]{subsection.3.5}{Algorithme de colonisation de l'espace}{section.3}% 11
\BOOKMARK [1][-]{section.4}{D\351roulement du projet}{}% 12
\BOOKMARK [2][-]{subsection.4.1}{Planification}{section.4}% 13
\BOOKMARK [3][-]{subsubsection.4.1.1}{Construction du coeur du programme}{subsection.4.1}% 14
\BOOKMARK [3][-]{subsubsection.4.1.2}{Construction d\220une interface graphique}{subsection.4.1}% 15
\BOOKMARK [3][-]{subsubsection.4.1.3}{Construction des fonctionnalit\351s facultatives}{subsection.4.1}% 16
\BOOKMARK [2][-]{subsection.4.2}{Assurance qualit\351 et tests du programme}{section.4}% 17
\BOOKMARK [1][-]{section.5}{Contraintes}{}% 18
\BOOKMARK [2][-]{subsection.5.1}{Contrainte temporelle}{section.5}% 19
\BOOKMARK [2][-]{subsection.5.2}{Contraintes techniques}{section.5}% 20
\BOOKMARK [2][-]{subsection.5.3}{Autres contraintes}{section.5}% 21
\BOOKMARK [1][-]{section.6}{Ouverture}{}% 22
\BOOKMARK [1][-]{section.7}{R\351f\351rences}{}% 23
\BOOKMARK [1][-]{section*.21}{Appendices}{}% 24
